<?xml version="1.0" encoding="UTF-8"?>
<coverage generated="1774539360762" clover="3.2.0">
  <project timestamp="1774539360762" name="All files">
    <metrics statements="23" coveredstatements="23" conditionals="22" coveredconditionals="18" methods="3" coveredmethods="3" elements="48" coveredelements="44" complexity="0" loc="23" ncloc="23" packages="2" files="2" classes="2"/>
    <package name="enums">
      <metrics statements="5" coveredstatements="5" conditionals="2" coveredconditionals="2" methods="1" coveredmethods="1"/>
      <file name="LogLevel.ts" path="C:\Code\gmap_crawler\src\1_application\enums\LogLevel.ts">
        <metrics statements="5" coveredstatements="5" conditionals="2" coveredconditionals="2" methods="1" coveredmethods="1"/>
        <line num="1" count="2" type="cond" truecount="2" falsecount="0"/>
        <line num="2" count="2" type="stmt"/>
        <line num="3" count="2" type="stmt"/>
        <line num="4" count="2" type="stmt"/>
        <line num="5" count="2" type="stmt"/>
      </file>
    </package>
    <package name="usecases">
      <metrics statements="18" coveredstatements="18" conditionals="20" coveredconditionals="16" methods="2" coveredmethods="2"/>
      <file name="CollectPlaceInfoUseCase.ts" path="C:\Code\gmap_crawler\src\1_application\usecases\CollectPlaceInfoUseCase.ts">
        <metrics statements="18" coveredstatements="18" conditionals="20" coveredconditionals="16" methods="2" coveredmethods="2"/>
        <line num="1" count="2" type="stmt"/>
        <line num="18" count="2" type="stmt"/>
        <line num="20" count="10" type="stmt"/>
        <line num="21" count="10" type="stmt"/>
        <line num="22" count="10" type="stmt"/>
        <line num="23" count="10" type="stmt"/>
        <line num="24" count="10" type="stmt"/>
        <line num="32" count="10" type="stmt"/>
        <line num="37" count="10" type="stmt"/>
        <line num="38" count="12" type="cond" truecount="3" falsecount="1"/>
        <line num="40" count="12" type="cond" truecount="2" falsecount="0"/>
        <line num="41" count="2" type="stmt"/>
        <line num="42" count="2" type="stmt"/>
        <line num="45" count="10" type="stmt"/>
        <line num="50" count="10" type="cond" truecount="2" falsecount="0"/>
        <line num="51" count="2" type="stmt"/>
        <line num="52" count="2" type="stmt"/>
        <line num="55" count="8" type="cond" truecount="3" falsecount="1"/>
      </file>
    </package>
  </project>
</coverage>
