{"C:\\Code\\gmap_crawler\\src\\1_application\\enums\\LogLevel.ts": {"path":"C:\\Code\\gmap_crawler\\src\\1_application\\enums\\LogLevel.ts","statementMap":{"0":{"start":{"line":1,"column":0},"end":{"line":1,"column":null}},"1":{"start":{"line":2,"column":2},"end":{"line":2,"column":null}},"2":{"start":{"line":3,"column":2},"end":{"line":3,"column":null}},"3":{"start":{"line":4,"column":2},"end":{"line":4,"column":null}},"4":{"start":{"line":5,"column":2},"end":{"line":5,"column":null}}},"fnMap":{"0":{"name":"(anonymous_0)","decl":{"start":{"line":1,"column":0},"end":{"line":1,"column":12}},"loc":{"start":{"line":1,"column":20},"end":{"line":6,"column":1}}}},"branchMap":{"0":{"loc":{"start":{"line":1,"column":12},"end":{"line":1,"column":null}},"type":"binary-expr","locations":[{"start":{"line":1,"column":12},"end":{"line":1,"column":20}},{"start":{"line":1,"column":20},"end":{"line":1,"column":null}}]}},"s":{"0":2,"1":2,"2":2,"3":2,"4":2},"f":{"0":2},"b":{"0":[2,2]}}
,"C:\\Code\\gmap_crawler\\src\\1_application\\usecases\\CollectPlaceInfoUseCase.ts": {"path":"C:\\Code\\gmap_crawler\\src\\1_application\\usecases\\CollectPlaceInfoUseCase.ts","statementMap":{"0":{"start":{"line":1,"column":0},"end":{"line":1,"column":45}},"1":{"start":{"line":20,"column":21},"end":{"line":20,"column":37}},"2":{"start":{"line":21,"column":21},"end":{"line":21,"column":51}},"3":{"start":{"line":22,"column":21},"end":{"line":22,"column":51}},"4":{"start":{"line":23,"column":21},"end":{"line":23,"column":44}},"5":{"start":{"line":24,"column":21},"end":{"line":24,"column":44}},"6":{"start":{"line":32,"column":21},"end":{"line":34,"column":null}},"7":{"start":{"line":37,"column":4},"end":{"line":56,"column":5}},"8":{"start":{"line":38,"column":22},"end":{"line":38,"column":72}},"9":{"start":{"line":40,"column":6},"end":{"line":43,"column":7}},"10":{"start":{"line":41,"column":8},"end":{"line":41,"column":69}},"11":{"start":{"line":42,"column":8},"end":{"line":42,"column":17}},"12":{"start":{"line":45,"column":28},"end":{"line":47,"column":null}},"13":{"start":{"line":50,"column":6},"end":{"line":53,"column":7}},"14":{"start":{"line":51,"column":8},"end":{"line":51,"column":78}},"15":{"start":{"line":52,"column":8},"end":{"line":52,"column":17}},"16":{"start":{"line":55,"column":6},"end":{"line":55,"column":57}},"17":{"start":{"line":18,"column":0},"end":{"line":18,"column":13}}},"fnMap":{"0":{"name":"(anonymous_7)","decl":{"start":{"line":19,"column":2},"end":{"line":19,"column":null}},"loc":{"start":{"line":24,"column":44},"end":{"line":25,"column":6}}},"1":{"name":"(anonymous_8)","decl":{"start":{"line":27,"column":8},"end":{"line":27,"column":15}},"loc":{"start":{"line":30,"column":46},"end":{"line":57,"column":null}}}},"branchMap":{"0":{"loc":{"start":{"line":34,"column":6},"end":{"line":34,"column":26}},"type":"cond-expr","locations":[{"start":{"line":34,"column":13},"end":{"line":34,"column":15}},{"start":{"line":34,"column":6},"end":{"line":34,"column":26}}]},"1":{"loc":{"start":{"line":34,"column":6},"end":{"line":34,"column":15}},"type":"binary-expr","locations":[{"start":{"line":34,"column":6},"end":{"line":34,"column":15}},{"start":{"line":34,"column":6},"end":{"line":34,"column":15}}]},"2":{"loc":{"start":{"line":38,"column":57},"end":{"line":38,"column":71}},"type":"cond-expr","locations":[{"start":{"line":38,"column":64},"end":{"line":38,"column":66}},{"start":{"line":38,"column":57},"end":{"line":38,"column":71}}]},"3":{"loc":{"start":{"line":38,"column":57},"end":{"line":38,"column":66}},"type":"binary-expr","locations":[{"start":{"line":38,"column":57},"end":{"line":38,"column":66}},{"start":{"line":38,"column":57},"end":{"line":38,"column":66}}]},"4":{"loc":{"start":{"line":40,"column":6},"end":{"line":43,"column":7}},"type":"if","locations":[{"start":{"line":40,"column":6},"end":{"line":43,"column":7}},{"start":{},"end":{}}]},"5":{"loc":{"start":{"line":47,"column":8},"end":{"line":47,"column":28}},"type":"cond-expr","locations":[{"start":{"line":47,"column":15},"end":{"line":47,"column":17}},{"start":{"line":47,"column":8},"end":{"line":47,"column":28}}]},"6":{"loc":{"start":{"line":47,"column":8},"end":{"line":47,"column":17}},"type":"binary-expr","locations":[{"start":{"line":47,"column":8},"end":{"line":47,"column":17}},{"start":{"line":47,"column":8},"end":{"line":47,"column":17}}]},"7":{"loc":{"start":{"line":50,"column":6},"end":{"line":53,"column":7}},"type":"if","locations":[{"start":{"line":50,"column":6},"end":{"line":53,"column":7}},{"start":{},"end":{}}]},"8":{"loc":{"start":{"line":55,"column":41},"end":{"line":55,"column":55}},"type":"cond-expr","locations":[{"start":{"line":55,"column":48},"end":{"line":55,"column":50}},{"start":{"line":55,"column":41},"end":{"line":55,"column":55}}]},"9":{"loc":{"start":{"line":55,"column":41},"end":{"line":55,"column":50}},"type":"binary-expr","locations":[{"start":{"line":55,"column":41},"end":{"line":55,"column":50}},{"start":{"line":55,"column":41},"end":{"line":55,"column":50}}]}},"s":{"0":2,"1":10,"2":10,"3":10,"4":10,"5":10,"6":10,"7":10,"8":12,"9":12,"10":2,"11":2,"12":10,"13":10,"14":2,"15":2,"16":8,"17":2},"f":{"0":10,"1":10},"b":{"0":[10,0],"1":[10,10],"2":[12,0],"3":[12,12],"4":[2,10],"5":[10,0],"6":[10,10],"7":[2,8],"8":[8,0],"9":[8,8]}}
}
