{"C:\\Code\\gmap_crawler\\src\\1_application\\enums\\LogLevel.ts": {"path":"C:\\Code\\gmap_crawler\\src\\1_application\\enums\\LogLevel.ts","statementMap":{"0":{"start":{"line":1,"column":0},"end":{"line":1,"column":null}},"1":{"start":{"line":2,"column":2},"end":{"line":2,"column":null}},"2":{"start":{"line":3,"column":2},"end":{"line":3,"column":null}},"3":{"start":{"line":4,"column":2},"end":{"line":4,"column":null}},"4":{"start":{"line":5,"column":2},"end":{"line":5,"column":null}}},"fnMap":{"0":{"name":"(anonymous_0)","decl":{"start":{"line":1,"column":0},"end":{"line":1,"column":12}},"loc":{"start":{"line":1,"column":20},"end":{"line":6,"column":1}}}},"branchMap":{"0":{"loc":{"start":{"line":1,"column":12},"end":{"line":1,"column":null}},"type":"binary-expr","locations":[{"start":{"line":1,"column":12},"end":{"line":1,"column":20}},{"start":{"line":1,"column":20},"end":{"line":1,"column":null}}]}},"s":{"0":2,"1":2,"2":2,"3":2,"4":2},"f":{"0":2},"b":{"0":[2,2]}}
,"C:\\Code\\gmap_crawler\\src\\2_infrastructure\\concretes\\AbstractLogger.ts": {"path":"C:\\Code\\gmap_crawler\\src\\2_infrastructure\\concretes\\AbstractLogger.ts","statementMap":{"0":{"start":{"line":1,"column":0},"end":{"line":1,"column":62}},"1":{"start":{"line":6,"column":4},"end":{"line":19,"column":5}},"2":{"start":{"line":8,"column":8},"end":{"line":8,"column":23}},"3":{"start":{"line":9,"column":8},"end":{"line":9,"column":14}},"4":{"start":{"line":11,"column":8},"end":{"line":11,"column":23}},"5":{"start":{"line":12,"column":8},"end":{"line":12,"column":14}},"6":{"start":{"line":14,"column":8},"end":{"line":14,"column":24}},"7":{"start":{"line":15,"column":8},"end":{"line":15,"column":14}},"8":{"start":{"line":17,"column":8},"end":{"line":17,"column":24}},"9":{"start":{"line":18,"column":8},"end":{"line":18,"column":14}},"10":{"start":{"line":4,"column":0},"end":{"line":4,"column":22}}},"fnMap":{"0":{"name":"(anonymous_0)","decl":{"start":{"line":5,"column":2},"end":{"line":5,"column":5}},"loc":{"start":{"line":5,"column":34},"end":{"line":20,"column":3}}}},"branchMap":{"0":{"loc":{"start":{"line":6,"column":4},"end":{"line":19,"column":5}},"type":"switch","locations":[{"start":{"line":7,"column":6},"end":{"line":9,"column":14}},{"start":{"line":10,"column":6},"end":{"line":12,"column":14}},{"start":{"line":13,"column":6},"end":{"line":15,"column":14}},{"start":{"line":16,"column":6},"end":{"line":18,"column":14}}]}},"s":{"0":2,"1":0,"2":0,"3":0,"4":0,"5":0,"6":0,"7":0,"8":0,"9":0,"10":2},"f":{"0":0},"b":{"0":[0,0,0,0]}}
,"C:\\Code\\gmap_crawler\\src\\2_infrastructure\\loggers\\ConsoleLogger.ts": {"path":"C:\\Code\\gmap_crawler\\src\\2_infrastructure\\loggers\\ConsoleLogger.ts","statementMap":{"0":{"start":{"line":1,"column":0},"end":{"line":1,"column":61}},"1":{"start":{"line":5,"column":17},"end":{"line":5,"column":41}},"2":{"start":{"line":6,"column":4},"end":{"line":6,"column":41}},"3":{"start":{"line":10,"column":4},"end":{"line":10,"column":43}},"4":{"start":{"line":14,"column":4},"end":{"line":14,"column":43}},"5":{"start":{"line":18,"column":4},"end":{"line":18,"column":45}},"6":{"start":{"line":22,"column":4},"end":{"line":22,"column":45}},"7":{"start":{"line":3,"column":0},"end":{"line":3,"column":13}}},"fnMap":{"0":{"name":"(anonymous_0)","decl":{"start":{"line":4,"column":10},"end":{"line":4,"column":16}},"loc":{"start":{"line":4,"column":43},"end":{"line":7,"column":3}}},"1":{"name":"(anonymous_1)","decl":{"start":{"line":9,"column":12},"end":{"line":9,"column":16}},"loc":{"start":{"line":9,"column":28},"end":{"line":11,"column":3}}},"2":{"name":"(anonymous_2)","decl":{"start":{"line":13,"column":12},"end":{"line":13,"column":16}},"loc":{"start":{"line":13,"column":28},"end":{"line":15,"column":3}}},"3":{"name":"(anonymous_3)","decl":{"start":{"line":17,"column":12},"end":{"line":17,"column":17}},"loc":{"start":{"line":17,"column":29},"end":{"line":19,"column":3}}},"4":{"name":"(anonymous_4)","decl":{"start":{"line":21,"column":12},"end":{"line":21,"column":17}},"loc":{"start":{"line":21,"column":29},"end":{"line":23,"column":3}}}},"branchMap":{},"s":{"0":2,"1":0,"2":0,"3":0,"4":0,"5":0,"6":0,"7":2},"f":{"0":0,"1":0,"2":0,"3":0,"4":0},"b":{}}
,"C:\\Code\\gmap_crawler\\src\\2_infrastructure\\puppeteer\\PuppeteerElementHandle.ts": {"path":"C:\\Code\\gmap_crawler\\src\\2_infrastructure\\puppeteer\\PuppeteerElementHandle.ts","statementMap":{"0":{"start":{"line":6,"column":31},"end":{"line":6,"column":52}},"1":{"start":{"line":9,"column":15},"end":{"line":9,"column":44}},"2":{"start":{"line":10,"column":4},"end":{"line":10,"column":55}},"3":{"start":{"line":10,"column":13},"end":{"line":10,"column":55}},"4":{"start":{"line":11,"column":4},"end":{"line":11,"column":42}},"5":{"start":{"line":15,"column":16},"end":{"line":15,"column":46}},"6":{"start":{"line":16,"column":4},"end":{"line":16,"column":59}},"7":{"start":{"line":16,"column":27},"end":{"line":16,"column":57}},"8":{"start":{"line":20,"column":4},"end":{"line":20,"column":35}},"9":{"start":{"line":24,"column":4},"end":{"line":24,"column":48}},"10":{"start":{"line":28,"column":22},"end":{"line":35,"column":6}},"11":{"start":{"line":29,"column":24},"end":{"line":29,"column":61}},"12":{"start":{"line":30,"column":37},"end":{"line":31,"column":null}},"13":{"start":{"line":34,"column":6},"end":{"line":34,"column":73}},"14":{"start":{"line":37,"column":4},"end":{"line":39,"column":5}},"15":{"start":{"line":38,"column":6},"end":{"line":38,"column":62}},"16":{"start":{"line":41,"column":4},"end":{"line":43,"column":22}},"17":{"start":{"line":42,"column":6},"end":{"line":42,"column":25}},"18":{"start":{"line":45,"column":4},"end":{"line":45,"column":16}},"19":{"start":{"line":49,"column":4},"end":{"line":49,"column":30}},"20":{"start":{"line":50,"column":4},"end":{"line":50,"column":16}},"21":{"start":{"line":54,"column":4},"end":{"line":54,"column":33}},"22":{"start":{"line":55,"column":4},"end":{"line":55,"column":16}},"23":{"start":{"line":59,"column":4},"end":{"line":59,"column":30}},"24":{"start":{"line":60,"column":4},"end":{"line":60,"column":16}},"25":{"start":{"line":64,"column":4},"end":{"line":64,"column":62}},"26":{"start":{"line":64,"column":40},"end":{"line":64,"column":60}},"27":{"start":{"line":68,"column":4},"end":{"line":68,"column":75}},"28":{"start":{"line":68,"column":43},"end":{"line":68,"column":67}},"29":{"start":{"line":72,"column":4},"end":{"line":72,"column":54}},"30":{"start":{"line":72,"column":40},"end":{"line":72,"column":52}},"31":{"start":{"line":5,"column":0},"end":{"line":5,"column":13}}},"fnMap":{"0":{"name":"(anonymous_0)","decl":{"start":{"line":6,"column":2},"end":{"line":6,"column":31}},"loc":{"start":{"line":6,"column":52},"end":{"line":6,"column":56}}},"1":{"name":"(anonymous_1)","decl":{"start":{"line":8,"column":2},"end":{"line":8,"column":7}},"loc":{"start":{"line":8,"column":29},"end":{"line":12,"column":3}}},"2":{"name":"(anonymous_2)","decl":{"start":{"line":14,"column":2},"end":{"line":14,"column":7}},"loc":{"start":{"line":14,"column":32},"end":{"line":17,"column":3}}},"3":{"name":"(anonymous_3)","decl":{"start":{"line":16,"column":19},"end":{"line":16,"column":20}},"loc":{"start":{"line":16,"column":27},"end":{"line":16,"column":57}}},"4":{"name":"(anonymous_4)","decl":{"start":{"line":19,"column":2},"end":{"line":19,"column":11}},"loc":{"start":{"line":19,"column":11},"end":{"line":21,"column":3}}},"5":{"name":"(anonymous_5)","decl":{"start":{"line":23,"column":2},"end":{"line":23,"column":24}},"loc":{"start":{"line":23,"column":24},"end":{"line":25,"column":3}}},"6":{"name":"(anonymous_6)","decl":{"start":{"line":27,"column":2},"end":{"line":27,"column":7}},"loc":{"start":{"line":27,"column":46},"end":{"line":46,"column":3}}},"7":{"name":"(anonymous_7)","decl":{"start":{"line":28,"column":49},"end":{"line":28,"column":50}},"loc":{"start":{"line":28,"column":56},"end":{"line":35,"column":5}}},"8":{"name":"(anonymous_8)","decl":{"start":{"line":41,"column":31},"end":{"line":41,"column":32}},"loc":{"start":{"line":41,"column":42},"end":{"line":43,"column":5}}},"9":{"name":"(anonymous_9)","decl":{"start":{"line":48,"column":2},"end":{"line":48,"column":7}},"loc":{"start":{"line":48,"column":13},"end":{"line":51,"column":3}}},"10":{"name":"(anonymous_10)","decl":{"start":{"line":53,"column":2},"end":{"line":53,"column":7}},"loc":{"start":{"line":53,"column":25},"end":{"line":56,"column":3}}},"11":{"name":"(anonymous_11)","decl":{"start":{"line":58,"column":2},"end":{"line":58,"column":7}},"loc":{"start":{"line":58,"column":13},"end":{"line":61,"column":3}}},"12":{"name":"(anonymous_12)","decl":{"start":{"line":63,"column":2},"end":{"line":63,"column":7}},"loc":{"start":{"line":63,"column":15},"end":{"line":65,"column":3}}},"13":{"name":"(anonymous_13)","decl":{"start":{"line":64,"column":32},"end":{"line":64,"column":33}},"loc":{"start":{"line":64,"column":40},"end":{"line":64,"column":60}}},"14":{"name":"(anonymous_14)","decl":{"start":{"line":67,"column":2},"end":{"line":67,"column":7}},"loc":{"start":{"line":67,"column":33},"end":{"line":69,"column":3}}},"15":{"name":"(anonymous_15)","decl":{"start":{"line":68,"column":32},"end":{"line":68,"column":33}},"loc":{"start":{"line":68,"column":43},"end":{"line":68,"column":67}}},"16":{"name":"(anonymous_16)","decl":{"start":{"line":71,"column":2},"end":{"line":71,"column":7}},"loc":{"start":{"line":71,"column":15},"end":{"line":73,"column":3}}},"17":{"name":"(anonymous_17)","decl":{"start":{"line":72,"column":32},"end":{"line":72,"column":33}},"loc":{"start":{"line":72,"column":40},"end":{"line":72,"column":52}}}},"branchMap":{"0":{"loc":{"start":{"line":10,"column":4},"end":{"line":10,"column":55}},"type":"if","locations":[{"start":{"line":10,"column":4},"end":{"line":10,"column":55}},{"start":{},"end":{}}]},"1":{"loc":{"start":{"line":34,"column":13},"end":{"line":34,"column":72}},"type":"binary-expr","locations":[{"start":{"line":34,"column":13},"end":{"line":34,"column":46}},{"start":{"line":34,"column":50},"end":{"line":34,"column":72}}]},"2":{"loc":{"start":{"line":37,"column":4},"end":{"line":39,"column":5}},"type":"if","locations":[{"start":{"line":37,"column":4},"end":{"line":39,"column":5}},{"start":{},"end":{}}]},"3":{"loc":{"start":{"line":64,"column":40},"end":{"line":64,"column":60}},"type":"binary-expr","locations":[{"start":{"line":64,"column":40},"end":{"line":64,"column":54}},{"start":{"line":64,"column":58},"end":{"line":64,"column":60}}]},"4":{"loc":{"start":{"line":68,"column":43},"end":{"line":68,"column":67}},"type":"binary-expr","locations":[{"start":{"line":68,"column":43},"end":{"line":68,"column":61}},{"start":{"line":68,"column":65},"end":{"line":68,"column":67}}]}},"s":{"0":23,"1":1,"2":1,"3":0,"4":1,"5":2,"6":2,"7":6,"8":2,"9":2,"10":2,"11":0,"12":0,"13":0,"14":0,"15":0,"16":0,"17":0,"18":0,"19":1,"20":1,"21":1,"22":1,"23":1,"24":1,"25":1,"26":0,"27":1,"28":0,"29":1,"30":0,"31":2},"f":{"0":23,"1":1,"2":2,"3":6,"4":2,"5":2,"6":2,"7":0,"8":0,"9":1,"10":1,"11":1,"12":1,"13":0,"14":1,"15":0,"16":1,"17":0},"b":{"0":[0,1],"1":[0,0],"2":[0,0],"3":[0,0],"4":[0,0]}}
,"C:\\Code\\gmap_crawler\\src\\2_infrastructure\\puppeteer\\PuppeteerPageHandle.ts": {"path":"C:\\Code\\gmap_crawler\\src\\2_infrastructure\\puppeteer\\PuppeteerPageHandle.ts","statementMap":{"0":{"start":{"line":3,"column":0},"end":{"line":3,"column":66}},"1":{"start":{"line":7,"column":31},"end":{"line":7,"column":41}},"2":{"start":{"line":10,"column":15},"end":{"line":10,"column":42}},"3":{"start":{"line":11,"column":4},"end":{"line":11,"column":55}},"4":{"start":{"line":11,"column":13},"end":{"line":11,"column":55}},"5":{"start":{"line":12,"column":4},"end":{"line":12,"column":42}},"6":{"start":{"line":16,"column":4},"end":{"line":22,"column":5}},"7":{"start":{"line":17,"column":6},"end":{"line":17,"column":32}},"8":{"start":{"line":19,"column":6},"end":{"line":19,"column":18}},"9":{"start":{"line":21,"column":6},"end":{"line":21,"column":19}},"10":{"start":{"line":26,"column":16},"end":{"line":26,"column":44}},"11":{"start":{"line":27,"column":4},"end":{"line":27,"column":59}},"12":{"start":{"line":27,"column":27},"end":{"line":27,"column":57}},"13":{"start":{"line":6,"column":0},"end":{"line":6,"column":13}}},"fnMap":{"0":{"name":"(anonymous_0)","decl":{"start":{"line":7,"column":2},"end":{"line":7,"column":31}},"loc":{"start":{"line":7,"column":41},"end":{"line":7,"column":45}}},"1":{"name":"(anonymous_1)","decl":{"start":{"line":9,"column":2},"end":{"line":9,"column":7}},"loc":{"start":{"line":9,"column":29},"end":{"line":13,"column":3}}},"2":{"name":"(anonymous_2)","decl":{"start":{"line":15,"column":2},"end":{"line":15,"column":7}},"loc":{"start":{"line":15,"column":24},"end":{"line":23,"column":3}}},"3":{"name":"(anonymous_3)","decl":{"start":{"line":25,"column":2},"end":{"line":25,"column":7}},"loc":{"start":{"line":25,"column":32},"end":{"line":28,"column":3}}},"4":{"name":"(anonymous_4)","decl":{"start":{"line":27,"column":19},"end":{"line":27,"column":20}},"loc":{"start":{"line":27,"column":27},"end":{"line":27,"column":57}}}},"branchMap":{"0":{"loc":{"start":{"line":11,"column":4},"end":{"line":11,"column":55}},"type":"if","locations":[{"start":{"line":11,"column":4},"end":{"line":11,"column":55}},{"start":{},"end":{}}]}},"s":{"0":2,"1":5,"2":14,"3":14,"4":2,"5":12,"6":0,"7":0,"8":0,"9":0,"10":1,"11":1,"12":3,"13":2},"f":{"0":5,"1":14,"2":0,"3":1,"4":3},"b":{"0":[2,12]}}
,"C:\\Code\\gmap_crawler\\src\\__tests__\\utils.ts": {"path":"C:\\Code\\gmap_crawler\\src\\__tests__\\utils.ts","statementMap":{"0":{"start":{"line":9,"column":2},"end":{"line":9,"column":48}},"1":{"start":{"line":13,"column":22},"end":{"line":13,"column":46}},"2":{"start":{"line":16,"column":4},"end":{"line":16,"column":49}},"3":{"start":{"line":20,"column":26},"end":{"line":20,"column":49}},"4":{"start":{"line":22,"column":4},"end":{"line":24,"column":6}},"5":{"start":{"line":23,"column":18},"end":{"line":23,"column":66}},"6":{"start":{"line":28,"column":26},"end":{"line":28,"column":49}},"7":{"start":{"line":30,"column":4},"end":{"line":34,"column":5}},"8":{"start":{"line":31,"column":6},"end":{"line":33,"column":7}},"9":{"start":{"line":32,"column":8},"end":{"line":32,"column":28}},"10":{"start":{"line":36,"column":4},"end":{"line":36,"column":21}},"11":{"start":{"line":40,"column":18},"end":{"line":40,"column":49}},"12":{"start":{"line":42,"column":4},"end":{"line":42,"column":48}},"13":{"start":{"line":42,"column":35},"end":{"line":42,"column":48}},"14":{"start":{"line":43,"column":4},"end":{"line":43,"column":79}},"15":{"start":{"line":43,"column":58},"end":{"line":43,"column":79}},"16":{"start":{"line":45,"column":4},"end":{"line":45,"column":23}},"17":{"start":{"line":49,"column":4},"end":{"line":65,"column":7}},"18":{"start":{"line":50,"column":23},"end":{"line":54,"column":22}},"19":{"start":{"line":56,"column":6},"end":{"line":58,"column":7}},"20":{"start":{"line":57,"column":8},"end":{"line":57,"column":34}},"21":{"start":{"line":60,"column":6},"end":{"line":62,"column":7}},"22":{"start":{"line":61,"column":8},"end":{"line":61,"column":31}},"23":{"start":{"line":64,"column":6},"end":{"line":64,"column":45}},"24":{"start":{"line":69,"column":4},"end":{"line":69,"column":58}},"25":{"start":{"line":69,"column":42},"end":{"line":69,"column":55}},"26":{"start":{"line":12,"column":0},"end":{"line":12,"column":13}}},"fnMap":{"0":{"name":"normalizeOptionKey","decl":{"start":{"line":8,"column":9},"end":{"line":8,"column":27}},"loc":{"start":{"line":8,"column":39},"end":{"line":10,"column":1}}},"1":{"name":"(anonymous_1)","decl":{"start":{"line":13,"column":2},"end":{"line":13,"column":22}},"loc":{"start":{"line":13,"column":46},"end":{"line":13,"column":50}}},"2":{"name":"(anonymous_2)","decl":{"start":{"line":15,"column":2},"end":{"line":15,"column":5}},"loc":{"start":{"line":15,"column":26},"end":{"line":17,"column":3}}},"3":{"name":"(anonymous_3)","decl":{"start":{"line":19,"column":2},"end":{"line":19,"column":8}},"loc":{"start":{"line":19,"column":20},"end":{"line":25,"column":3}}},"4":{"name":"(anonymous_4)","decl":{"start":{"line":23,"column":6},"end":{"line":23,"column":7}},"loc":{"start":{"line":23,"column":18},"end":{"line":23,"column":66}}},"5":{"name":"(anonymous_5)","decl":{"start":{"line":27,"column":2},"end":{"line":27,"column":5}},"loc":{"start":{"line":27,"column":17},"end":{"line":37,"column":3}}},"6":{"name":"(anonymous_6)","decl":{"start":{"line":39,"column":2},"end":{"line":39,"column":24}},"loc":{"start":{"line":39,"column":51},"end":{"line":46,"column":3}}},"7":{"name":"(anonymous_7)","decl":{"start":{"line":48,"column":2},"end":{"line":48,"column":8}},"loc":{"start":{"line":48,"column":8},"end":{"line":66,"column":3}}},"8":{"name":"(anonymous_8)","decl":{"start":{"line":49,"column":29},"end":{"line":49,"column":30}},"loc":{"start":{"line":49,"column":40},"end":{"line":65,"column":5}}},"9":{"name":"(anonymous_9)","decl":{"start":{"line":68,"column":2},"end":{"line":68,"column":8}},"loc":{"start":{"line":68,"column":8},"end":{"line":70,"column":3}}},"10":{"name":"(anonymous_10)","decl":{"start":{"line":69,"column":29},"end":{"line":69,"column":30}},"loc":{"start":{"line":69,"column":42},"end":{"line":69,"column":55}}}},"branchMap":{"0":{"loc":{"start":{"line":31,"column":6},"end":{"line":33,"column":7}},"type":"if","locations":[{"start":{"line":31,"column":6},"end":{"line":33,"column":7}},{"start":{},"end":{}}]},"1":{"loc":{"start":{"line":39,"column":25},"end":{"line":39,"column":51}},"type":"default-arg","locations":[{"start":{"line":39,"column":47},"end":{"line":39,"column":51}}]},"2":{"loc":{"start":{"line":42,"column":4},"end":{"line":42,"column":48}},"type":"if","locations":[{"start":{"line":42,"column":4},"end":{"line":42,"column":48}},{"start":{},"end":{}}]},"3":{"loc":{"start":{"line":43,"column":4},"end":{"line":43,"column":79}},"type":"if","locations":[{"start":{"line":43,"column":4},"end":{"line":43,"column":79}},{"start":{},"end":{}}]},"4":{"loc":{"start":{"line":43,"column":8},"end":{"line":43,"column":56}},"type":"binary-expr","locations":[{"start":{"line":43,"column":8},"end":{"line":43,"column":33}},{"start":{"line":43,"column":37},"end":{"line":43,"column":56}}]},"5":{"loc":{"start":{"line":56,"column":6},"end":{"line":58,"column":7}},"type":"if","locations":[{"start":{"line":56,"column":6},"end":{"line":58,"column":7}},{"start":{},"end":{}}]},"6":{"loc":{"start":{"line":60,"column":6},"end":{"line":62,"column":7}},"type":"if","locations":[{"start":{"line":60,"column":6},"end":{"line":62,"column":7}},{"start":{},"end":{}}]},"7":{"loc":{"start":{"line":60,"column":10},"end":{"line":60,"column":61}},"type":"binary-expr","locations":[{"start":{"line":60,"column":10},"end":{"line":60,"column":31}},{"start":{"line":60,"column":35},"end":{"line":60,"column":61}}]}},"s":{"0":12,"1":3,"2":0,"3":0,"4":0,"5":0,"6":6,"7":6,"8":6,"9":6,"10":0,"11":6,"12":6,"13":6,"14":0,"15":0,"16":0,"17":0,"18":0,"19":0,"20":0,"21":0,"22":0,"23":0,"24":3,"25":12,"26":2},"f":{"0":12,"1":3,"2":0,"3":0,"4":0,"5":6,"6":6,"7":0,"8":0,"9":3,"10":12},"b":{"0":[6,0],"1":[0],"2":[6,0],"3":[0,0],"4":[0,0],"5":[0,0],"6":[0,0],"7":[0,0]}}
,"C:\\Code\\gmap_crawler\\src\\__tests__\\setup\\context.setup.ts": {"path":"C:\\Code\\gmap_crawler\\src\\__tests__\\setup\\context.setup.ts","statementMap":{"0":{"start":{"line":41,"column":0},"end":{"line":41,"column":7}},"1":{"start":{"line":56,"column":0},"end":{"line":56,"column":7}},"2":{"start":{"line":67,"column":0},"end":{"line":67,"column":7}},"3":{"start":{"line":98,"column":0},"end":{"line":98,"column":7}},"4":{"start":{"line":112,"column":0},"end":{"line":112,"column":7}},"5":{"start":{"line":1,"column":0},"end":{"line":1,"column":44}},"6":{"start":{"line":3,"column":0},"end":{"line":3,"column":46}},"7":{"start":{"line":4,"column":0},"end":{"line":4,"column":29}},"8":{"start":{"line":13,"column":34},"end":{"line":13,"column":37}},"9":{"start":{"line":14,"column":31},"end":{"line":14,"column":33}},"10":{"start":{"line":15,"column":40},"end":{"line":21,"column":64}},"11":{"start":{"line":21,"column":45},"end":{"line":21,"column":63}},"12":{"start":{"line":24,"column":2},"end":{"line":24,"column":58}},"13":{"start":{"line":24,"column":33},"end":{"line":24,"column":56}},"14":{"start":{"line":28,"column":25},"end":{"line":29,"column":null}},"15":{"start":{"line":29,"column":4},"end":{"line":29,"column":25}},"16":{"start":{"line":32,"column":2},"end":{"line":36,"column":3}},"17":{"start":{"line":33,"column":4},"end":{"line":35,"column":6}},"18":{"start":{"line":38,"column":2},"end":{"line":38,"column":24}},"19":{"start":{"line":45,"column":2},"end":{"line":53,"column":3}},"20":{"start":{"line":46,"column":4},"end":{"line":46,"column":23}},"21":{"start":{"line":47,"column":4},"end":{"line":47,"column":26}},"22":{"start":{"line":48,"column":4},"end":{"line":48,"column":31}},"23":{"start":{"line":50,"column":4},"end":{"line":50,"column":16}},"24":{"start":{"line":52,"column":4},"end":{"line":52,"column":17}},"25":{"start":{"line":60,"column":2},"end":{"line":64,"column":5}},"26":{"start":{"line":61,"column":20},"end":{"line":61,"column":57}},"27":{"start":{"line":72,"column":2},"end":{"line":93,"column":3}},"28":{"start":{"line":72,"column":21},"end":{"line":72,"column":22}},"29":{"start":{"line":73,"column":4},"end":{"line":92,"column":5}},"30":{"start":{"line":74,"column":22},"end":{"line":76,"column":8}},"31":{"start":{"line":78,"column":20},"end":{"line":78,"column":41}},"32":{"start":{"line":79,"column":19},"end":{"line":79,"column":56}},"33":{"start":{"line":81,"column":6},"end":{"line":85,"column":8}},"34":{"start":{"line":84,"column":24},"end":{"line":84,"column":61}},"35":{"start":{"line":87,"column":6},"end":{"line":87,"column":24}},"36":{"start":{"line":89,"column":6},"end":{"line":91,"column":7}},"37":{"start":{"line":90,"column":8},"end":{"line":90,"column":47}},"38":{"start":{"line":95,"column":2},"end":{"line":95,"column":18}},"39":{"start":{"line":99,"column":18},"end":{"line":102,"column":4}},"40":{"start":{"line":103,"column":15},"end":{"line":103,"column":38}},"41":{"start":{"line":105,"column":2},"end":{"line":109,"column":4}},"42":{"start":{"line":108,"column":20},"end":{"line":108,"column":57}},"43":{"start":{"line":113,"column":2},"end":{"line":119,"column":3}},"44":{"start":{"line":115,"column":6},"end":{"line":117,"column":19}}},"fnMap":{"0":{"name":"(anonymous_9)","decl":{"start":{"line":21,"column":9},"end":{"line":21,"column":10}},"loc":{"start":{"line":21,"column":45},"end":{"line":21,"column":63}}},"1":{"name":"delay","decl":{"start":{"line":23,"column":15},"end":{"line":23,"column":20}},"loc":{"start":{"line":23,"column":31},"end":{"line":25,"column":1}}},"2":{"name":"(anonymous_11)","decl":{"start":{"line":24,"column":20},"end":{"line":24,"column":21}},"loc":{"start":{"line":24,"column":33},"end":{"line":24,"column":56}}},"3":{"name":"resolveNormalBrowserExecutablePath","decl":{"start":{"line":27,"column":9},"end":{"line":27,"column":43}},"loc":{"start":{"line":27,"column":43},"end":{"line":39,"column":1}}},"4":{"name":"(anonymous_13)","decl":{"start":{"line":28,"column":62},"end":{"line":28,"column":63}},"loc":{"start":{"line":29,"column":4},"end":{"line":29,"column":25}}},"5":{"name":"tearDownTestingContext","decl":{"start":{"line":41,"column":22},"end":{"line":41,"column":44}},"loc":{"start":{"line":43,"column":22},"end":{"line":54,"column":1}}},"6":{"name":"comopseTestingContext","decl":{"start":{"line":56,"column":22},"end":{"line":56,"column":43}},"loc":{"start":{"line":58,"column":22},"end":{"line":65,"column":1}}},"7":{"name":"(anonymous_16)","decl":{"start":{"line":61,"column":14},"end":{"line":61,"column":17}},"loc":{"start":{"line":61,"column":20},"end":{"line":61,"column":57}}},"8":{"name":"createElectronTestingContext","decl":{"start":{"line":67,"column":22},"end":{"line":67,"column":50}},"loc":{"start":{"line":68,"column":34},"end":{"line":96,"column":1}}},"9":{"name":"(anonymous_18)","decl":{"start":{"line":84,"column":18},"end":{"line":84,"column":21}},"loc":{"start":{"line":84,"column":24},"end":{"line":84,"column":61}}},"10":{"name":"createNormalTestingContext","decl":{"start":{"line":98,"column":22},"end":{"line":98,"column":48}},"loc":{"start":{"line":98,"column":48},"end":{"line":110,"column":1}}},"11":{"name":"(anonymous_20)","decl":{"start":{"line":108,"column":14},"end":{"line":108,"column":17}},"loc":{"start":{"line":108,"column":20},"end":{"line":108,"column":57}}},"12":{"name":"readMockAssets","decl":{"start":{"line":112,"column":22},"end":{"line":112,"column":36}},"loc":{"start":{"line":112,"column":56},"end":{"line":120,"column":1}}}},"branchMap":{"0":{"loc":{"start":{"line":32,"column":2},"end":{"line":36,"column":3}},"type":"if","locations":[{"start":{"line":32,"column":2},"end":{"line":36,"column":3}},{"start":{},"end":{}}]},"1":{"loc":{"start":{"line":79,"column":19},"end":{"line":79,"column":56}},"type":"binary-expr","locations":[{"start":{"line":79,"column":19},"end":{"line":79,"column":27}},{"start":{"line":79,"column":32},"end":{"line":79,"column":55}}]},"2":{"loc":{"start":{"line":89,"column":6},"end":{"line":91,"column":7}},"type":"if","locations":[{"start":{"line":89,"column":6},"end":{"line":91,"column":7}},{"start":{},"end":{}}]},"3":{"loc":{"start":{"line":113,"column":2},"end":{"line":119,"column":3}},"type":"switch","locations":[{"start":{"line":114,"column":4},"end":{"line":118,"column":5}}]}},"s":{"0":2,"1":2,"2":2,"3":2,"4":2,"5":2,"6":2,"7":2,"8":2,"9":2,"10":2,"11":10,"12":0,"13":0,"14":1,"15":1,"16":1,"17":0,"18":1,"19":4,"20":4,"21":4,"22":4,"23":4,"24":0,"25":0,"26":0,"27":3,"28":3,"29":3,"30":3,"31":3,"32":3,"33":3,"34":3,"35":0,"36":0,"37":0,"38":0,"39":1,"40":1,"41":1,"42":1,"43":0,"44":0},"f":{"0":10,"1":0,"2":0,"3":1,"4":1,"5":4,"6":0,"7":0,"8":3,"9":3,"10":1,"11":1,"12":0},"b":{"0":[0,1],"1":[3,0],"2":[0,0],"3":[0]}}
,"C:\\Code\\gmap_crawler\\src\\__tests__\\setup\\electron.setup.ts": {"path":"C:\\Code\\gmap_crawler\\src\\__tests__\\setup\\electron.setup.ts","statementMap":{"0":{"start":{"line":6,"column":0},"end":{"line":6,"column":16}},"1":{"start":{"line":1,"column":0},"end":{"line":1,"column":52}},"2":{"start":{"line":2,"column":0},"end":{"line":2,"column":57}},"3":{"start":{"line":4,"column":21},"end":{"line":4,"column":61}},"4":{"start":{"line":10,"column":2},"end":{"line":10,"column":47}},"5":{"start":{"line":20,"column":6},"end":{"line":20,"column":17}},"6":{"start":{"line":22,"column":4},"end":{"line":22,"column":57}},"7":{"start":{"line":23,"column":4},"end":{"line":28,"column":6}},"8":{"start":{"line":32,"column":4},"end":{"line":32,"column":38}},"9":{"start":{"line":36,"column":4},"end":{"line":36,"column":38}},"10":{"start":{"line":40,"column":17},"end":{"line":40,"column":53}},"11":{"start":{"line":41,"column":4},"end":{"line":41,"column":52}},"12":{"start":{"line":43,"column":4},"end":{"line":43,"column":32}},"13":{"start":{"line":47,"column":4},"end":{"line":47,"column":62}},"14":{"start":{"line":51,"column":20},"end":{"line":51,"column":41}},"15":{"start":{"line":53,"column":4},"end":{"line":53,"column":45}},"16":{"start":{"line":53,"column":18},"end":{"line":53,"column":45}},"17":{"start":{"line":55,"column":4},"end":{"line":67,"column":7}},"18":{"start":{"line":56,"column":23},"end":{"line":59,"column":7}},"19":{"start":{"line":57,"column":8},"end":{"line":57,"column":42}},"20":{"start":{"line":58,"column":8},"end":{"line":58,"column":24}},"21":{"start":{"line":61,"column":6},"end":{"line":61,"column":46}},"22":{"start":{"line":61,"column":33},"end":{"line":61,"column":44}},"23":{"start":{"line":62,"column":6},"end":{"line":62,"column":47}},"24":{"start":{"line":62,"column":34},"end":{"line":62,"column":45}},"25":{"start":{"line":64,"column":6},"end":{"line":66,"column":7}},"26":{"start":{"line":65,"column":8},"end":{"line":65,"column":20}},"27":{"start":{"line":71,"column":4},"end":{"line":71,"column":34}},"28":{"start":{"line":75,"column":18},"end":{"line":81,"column":6}},"29":{"start":{"line":83,"column":4},"end":{"line":91,"column":5}},"30":{"start":{"line":84,"column":6},"end":{"line":86,"column":9}},"31":{"start":{"line":85,"column":8},"end":{"line":85,"column":58}},"32":{"start":{"line":88,"column":6},"end":{"line":90,"column":9}},"33":{"start":{"line":89,"column":8},"end":{"line":89,"column":60}},"34":{"start":{"line":93,"column":4},"end":{"line":93,"column":17}},"35":{"start":{"line":97,"column":4},"end":{"line":147,"column":7}},"36":{"start":{"line":98,"column":22},"end":{"line":98,"column":43}},"37":{"start":{"line":100,"column":6},"end":{"line":103,"column":7}},"38":{"start":{"line":101,"column":8},"end":{"line":101,"column":68}},"39":{"start":{"line":102,"column":8},"end":{"line":102,"column":15}},"40":{"start":{"line":105,"column":20},"end":{"line":105,"column":25}},"41":{"start":{"line":107,"column":26},"end":{"line":111,"column":7}},"42":{"start":{"line":108,"column":8},"end":{"line":108,"column":28}},"43":{"start":{"line":108,"column":21},"end":{"line":108,"column":28}},"44":{"start":{"line":109,"column":8},"end":{"line":109,"column":23}},"45":{"start":{"line":110,"column":8},"end":{"line":110,"column":18}},"46":{"start":{"line":113,"column":6},"end":{"line":124,"column":9}},"47":{"start":{"line":114,"column":23},"end":{"line":114,"column":38}},"48":{"start":{"line":115,"column":24},"end":{"line":118,"column":null}},"49":{"start":{"line":121,"column":8},"end":{"line":123,"column":9}},"50":{"start":{"line":122,"column":10},"end":{"line":122,"column":24}},"51":{"start":{"line":126,"column":6},"end":{"line":132,"column":9}},"52":{"start":{"line":127,"column":23},"end":{"line":127,"column":38}},"53":{"start":{"line":129,"column":8},"end":{"line":131,"column":9}},"54":{"start":{"line":130,"column":10},"end":{"line":130,"column":24}},"55":{"start":{"line":134,"column":6},"end":{"line":136,"column":9}},"56":{"start":{"line":135,"column":8},"end":{"line":135,"column":36}},"57":{"start":{"line":135,"column":22},"end":{"line":135,"column":36}},"58":{"start":{"line":138,"column":6},"end":{"line":146,"column":9}},"59":{"start":{"line":139,"column":8},"end":{"line":145,"column":9}},"60":{"start":{"line":140,"column":10},"end":{"line":144,"column":12}},"61":{"start":{"line":13,"column":0},"end":{"line":13,"column":13}}},"fnMap":{"0":{"name":"createElectronEnvironment","decl":{"start":{"line":6,"column":16},"end":{"line":6,"column":41}},"loc":{"start":{"line":8,"column":25},"end":{"line":11,"column":1}}},"1":{"name":"(anonymous_1)","decl":{"start":{"line":18,"column":2},"end":{"line":18,"column":14}},"loc":{"start":{"line":18,"column":62},"end":{"line":29,"column":3}}},"2":{"name":"(anonymous_2)","decl":{"start":{"line":31,"column":2},"end":{"line":31,"column":11}},"loc":{"start":{"line":31,"column":32},"end":{"line":33,"column":3}}},"3":{"name":"(anonymous_3)","decl":{"start":{"line":35,"column":2},"end":{"line":35,"column":14}},"loc":{"start":{"line":35,"column":26},"end":{"line":37,"column":3}}},"4":{"name":"(anonymous_4)","decl":{"start":{"line":39,"column":2},"end":{"line":39,"column":7}},"loc":{"start":{"line":39,"column":43},"end":{"line":44,"column":3}}},"5":{"name":"(anonymous_5)","decl":{"start":{"line":46,"column":2},"end":{"line":46,"column":14}},"loc":{"start":{"line":46,"column":14},"end":{"line":48,"column":3}}},"6":{"name":"(anonymous_6)","decl":{"start":{"line":50,"column":2},"end":{"line":50,"column":10}},"loc":{"start":{"line":50,"column":10},"end":{"line":68,"column":3}}},"7":{"name":"(anonymous_7)","decl":{"start":{"line":55,"column":23},"end":{"line":55,"column":24}},"loc":{"start":{"line":55,"column":35},"end":{"line":67,"column":5}}},"8":{"name":"(anonymous_8)","decl":{"start":{"line":56,"column":23},"end":{"line":56,"column":24}},"loc":{"start":{"line":56,"column":48},"end":{"line":59,"column":7}}},"9":{"name":"(anonymous_9)","decl":{"start":{"line":61,"column":27},"end":{"line":61,"column":30}},"loc":{"start":{"line":61,"column":33},"end":{"line":61,"column":44}}},"10":{"name":"(anonymous_10)","decl":{"start":{"line":62,"column":28},"end":{"line":62,"column":31}},"loc":{"start":{"line":62,"column":34},"end":{"line":62,"column":45}}},"11":{"name":"(anonymous_11)","decl":{"start":{"line":70,"column":10},"end":{"line":70,"column":19}},"loc":{"start":{"line":70,"column":48},"end":{"line":72,"column":3}}},"12":{"name":"(anonymous_12)","decl":{"start":{"line":74,"column":10},"end":{"line":74,"column":22}},"loc":{"start":{"line":74,"column":37},"end":{"line":94,"column":3}}},"13":{"name":"(anonymous_13)","decl":{"start":{"line":84,"column":31},"end":{"line":84,"column":32}},"loc":{"start":{"line":84,"column":48},"end":{"line":86,"column":7}}},"14":{"name":"(anonymous_14)","decl":{"start":{"line":88,"column":31},"end":{"line":88,"column":32}},"loc":{"start":{"line":88,"column":48},"end":{"line":90,"column":7}}},"15":{"name":"(anonymous_15)","decl":{"start":{"line":96,"column":10},"end":{"line":96,"column":24}},"loc":{"start":{"line":96,"column":24},"end":{"line":148,"column":3}}},"16":{"name":"(anonymous_16)","decl":{"start":{"line":97,"column":23},"end":{"line":97,"column":24}},"loc":{"start":{"line":97,"column":43},"end":{"line":147,"column":5}}},"17":{"name":"(anonymous_17)","decl":{"start":{"line":107,"column":26},"end":{"line":107,"column":35}},"loc":{"start":{"line":107,"column":37},"end":{"line":111,"column":7}}},"18":{"name":"(anonymous_18)","decl":{"start":{"line":113,"column":33},"end":{"line":113,"column":34}},"loc":{"start":{"line":113,"column":50},"end":{"line":124,"column":7}}},"19":{"name":"(anonymous_19)","decl":{"start":{"line":126,"column":33},"end":{"line":126,"column":34}},"loc":{"start":{"line":126,"column":50},"end":{"line":132,"column":7}}},"20":{"name":"(anonymous_20)","decl":{"start":{"line":134,"column":26},"end":{"line":134,"column":27}},"loc":{"start":{"line":134,"column":36},"end":{"line":136,"column":7}}},"21":{"name":"(anonymous_21)","decl":{"start":{"line":138,"column":25},"end":{"line":138,"column":26}},"loc":{"start":{"line":138,"column":34},"end":{"line":146,"column":7}}}},"branchMap":{"0":{"loc":{"start":{"line":53,"column":4},"end":{"line":53,"column":45}},"type":"if","locations":[{"start":{"line":53,"column":4},"end":{"line":53,"column":45}},{"start":{},"end":{}}]},"1":{"loc":{"start":{"line":64,"column":6},"end":{"line":66,"column":7}},"type":"if","locations":[{"start":{"line":64,"column":6},"end":{"line":66,"column":7}},{"start":{},"end":{}}]},"2":{"loc":{"start":{"line":83,"column":4},"end":{"line":91,"column":5}},"type":"if","locations":[{"start":{"line":83,"column":4},"end":{"line":91,"column":5}},{"start":{},"end":{}}]},"3":{"loc":{"start":{"line":100,"column":6},"end":{"line":103,"column":7}},"type":"if","locations":[{"start":{"line":100,"column":6},"end":{"line":103,"column":7}},{"start":{},"end":{}}]},"4":{"loc":{"start":{"line":108,"column":8},"end":{"line":108,"column":28}},"type":"if","locations":[{"start":{"line":108,"column":8},"end":{"line":108,"column":28}},{"start":{},"end":{}}]},"5":{"loc":{"start":{"line":121,"column":8},"end":{"line":123,"column":9}},"type":"if","locations":[{"start":{"line":121,"column":8},"end":{"line":123,"column":9}},{"start":{},"end":{}}]},"6":{"loc":{"start":{"line":129,"column":8},"end":{"line":131,"column":9}},"type":"if","locations":[{"start":{"line":129,"column":8},"end":{"line":131,"column":9}},{"start":{},"end":{}}]},"7":{"loc":{"start":{"line":135,"column":8},"end":{"line":135,"column":36}},"type":"if","locations":[{"start":{"line":135,"column":8},"end":{"line":135,"column":36}},{"start":{},"end":{}}]},"8":{"loc":{"start":{"line":139,"column":8},"end":{"line":145,"column":9}},"type":"if","locations":[{"start":{"line":139,"column":8},"end":{"line":145,"column":9}},{"start":{},"end":{}}]}},"s":{"0":2,"1":2,"2":2,"3":2,"4":3,"5":3,"6":3,"7":3,"8":0,"9":0,"10":3,"11":3,"12":3,"13":6,"14":3,"15":3,"16":0,"17":3,"18":3,"19":5,"20":5,"21":3,"22":2,"23":3,"24":0,"25":3,"26":3,"27":3,"28":3,"29":3,"30":0,"31":0,"32":0,"33":0,"34":3,"35":3,"36":3,"37":3,"38":0,"39":0,"40":3,"41":3,"42":6,"43":3,"44":3,"45":3,"46":3,"47":3,"48":3,"49":3,"50":3,"51":3,"52":6,"53":6,"54":3,"55":3,"56":0,"57":0,"58":3,"59":2,"60":0,"61":2},"f":{"0":3,"1":3,"2":0,"3":0,"4":3,"5":6,"6":3,"7":3,"8":5,"9":2,"10":0,"11":3,"12":3,"13":0,"14":0,"15":3,"16":3,"17":6,"18":3,"19":6,"20":0,"21":2},"b":{"0":[0,3],"1":[3,0],"2":[0,3],"3":[0,3],"4":[3,3],"5":[3,0],"6":[3,3],"7":[0,0],"8":[0,2]}}
,"C:\\Code\\gmap_crawler\\src\\__tests__\\setup\\logger.setup.ts": {"path":"C:\\Code\\gmap_crawler\\src\\__tests__\\setup\\logger.setup.ts","statementMap":{"0":{"start":{"line":3,"column":0},"end":{"line":3,"column":16}},"1":{"start":{"line":1,"column":0},"end":{"line":1,"column":77}},"2":{"start":{"line":4,"column":2},"end":{"line":4,"column":29}}},"fnMap":{"0":{"name":"createLogger","decl":{"start":{"line":3,"column":16},"end":{"line":3,"column":28}},"loc":{"start":{"line":3,"column":28},"end":{"line":5,"column":1}}}},"branchMap":{},"s":{"0":2,"1":2,"2":0},"f":{"0":0},"b":{}}
}
