TN:
SF:src\1_application\enums\LogLevel.ts
FN:1,(anonymous_0)
FNF:1
FNH:1
FNDA:2,(anonymous_0)
DA:1,2
DA:2,2
DA:3,2
DA:4,2
DA:5,2
LF:5
LH:5
BRDA:1,0,0,2
BRDA:1,0,1,2
BRF:2
BRH:2
end_of_record
TN:
SF:src\2_infrastructure\concretes\AbstractLogger.ts
FN:5,(anonymous_0)
FNF:1
FNH:0
FNDA:0,(anonymous_0)
DA:1,2
DA:4,2
DA:6,0
DA:8,0
DA:9,0
DA:11,0
DA:12,0
DA:14,0
DA:15,0
DA:17,0
DA:18,0
LF:11
LH:2
BRDA:6,0,0,0
BRDA:6,0,1,0
BRDA:6,0,2,0
BRDA:6,0,3,0
BRF:4
BRH:0
end_of_record
TN:
SF:src\2_infrastructure\loggers\ConsoleLogger.ts
FN:4,(anonymous_0)
FN:9,(anonymous_1)
FN:13,(anonymous_2)
FN:17,(anonymous_3)
FN:21,(anonymous_4)
FNF:5
FNH:0
FNDA:0,(anonymous_0)
FNDA:0,(anonymous_1)
FNDA:0,(anonymous_2)
FNDA:0,(anonymous_3)
FNDA:0,(anonymous_4)
DA:1,2
DA:3,2
DA:5,0
DA:6,0
DA:10,0
DA:14,0
DA:18,0
DA:22,0
LF:8
LH:2
BRF:0
BRH:0
end_of_record
TN:
SF:src\2_infrastructure\puppeteer\PuppeteerElementHandle.ts
FN:6,(anonymous_0)
FN:8,(anonymous_1)
FN:14,(anonymous_2)
FN:16,(anonymous_3)
FN:19,(anonymous_4)
FN:23,(anonymous_5)
FN:27,(anonymous_6)
FN:28,(anonymous_7)
FN:41,(anonymous_8)
FN:48,(anonymous_9)
FN:53,(anonymous_10)
FN:58,(anonymous_11)
FN:63,(anonymous_12)
FN:64,(anonymous_13)
FN:67,(anonymous_14)
FN:68,(anonymous_15)
FN:71,(anonymous_16)
FN:72,(anonymous_17)
FNF:18
FNH:13
FNDA:23,(anonymous_0)
FNDA:1,(anonymous_1)
FNDA:2,(anonymous_2)
FNDA:6,(anonymous_3)
FNDA:2,(anonymous_4)
FNDA:2,(anonymous_5)
FNDA:2,(anonymous_6)
FNDA:0,(anonymous_7)
FNDA:0,(anonymous_8)
FNDA:1,(anonymous_9)
FNDA:1,(anonymous_10)
FNDA:1,(anonymous_11)
FNDA:1,(anonymous_12)
FNDA:0,(anonymous_13)
FNDA:1,(anonymous_14)
FNDA:0,(anonymous_15)
FNDA:1,(anonymous_16)
FNDA:0,(anonymous_17)
DA:5,2
DA:6,23
DA:9,1
DA:10,1
DA:11,1
DA:15,2
DA:16,6
DA:20,2
DA:24,2
DA:28,2
DA:29,0
DA:30,0
DA:34,0
DA:37,0
DA:38,0
DA:41,0
DA:42,0
DA:45,0
DA:49,1
DA:50,1
DA:54,1
DA:55,1
DA:59,1
DA:60,1
DA:64,1
DA:68,1
DA:72,1
LF:27
LH:19
BRDA:10,0,0,0
BRDA:10,0,1,1
BRDA:34,1,0,0
BRDA:34,1,1,0
BRDA:37,2,0,0
BRDA:37,2,1,0
BRDA:64,3,0,0
BRDA:64,3,1,0
BRDA:68,4,0,0
BRDA:68,4,1,0
BRF:10
BRH:1
end_of_record
TN:
SF:src\2_infrastructure\puppeteer\PuppeteerPageHandle.ts
FN:7,(anonymous_0)
FN:9,(anonymous_1)
FN:15,(anonymous_2)
FN:25,(anonymous_3)
FN:27,(anonymous_4)
FNF:5
FNH:4
FNDA:5,(anonymous_0)
FNDA:14,(anonymous_1)
FNDA:0,(anonymous_2)
FNDA:1,(anonymous_3)
FNDA:3,(anonymous_4)
DA:3,2
DA:6,2
DA:7,5
DA:10,14
DA:11,14
DA:12,12
DA:16,0
DA:17,0
DA:19,0
DA:21,0
DA:26,1
DA:27,3
LF:12
LH:8
BRDA:11,0,0,2
BRDA:11,0,1,12
BRF:2
BRH:2
end_of_record
TN:
SF:src\__tests__\utils.ts
FN:8,normalizeOptionKey
FN:13,(anonymous_1)
FN:15,(anonymous_2)
FN:19,(anonymous_3)
FN:23,(anonymous_4)
FN:27,(anonymous_5)
FN:39,(anonymous_6)
FN:48,(anonymous_7)
FN:49,(anonymous_8)
FN:68,(anonymous_9)
FN:69,(anonymous_10)
FNF:11
FNH:6
FNDA:12,normalizeOptionKey
FNDA:3,(anonymous_1)
FNDA:0,(anonymous_2)
FNDA:0,(anonymous_3)
FNDA:0,(anonymous_4)
FNDA:6,(anonymous_5)
FNDA:6,(anonymous_6)
FNDA:0,(anonymous_7)
FNDA:0,(anonymous_8)
FNDA:3,(anonymous_9)
FNDA:12,(anonymous_10)
DA:9,12
DA:12,2
DA:13,3
DA:16,0
DA:20,0
DA:22,0
DA:23,0
DA:28,6
DA:30,6
DA:31,6
DA:32,6
DA:36,0
DA:40,6
DA:42,6
DA:43,0
DA:45,0
DA:49,0
DA:50,0
DA:56,0
DA:57,0
DA:60,0
DA:61,0
DA:64,0
DA:69,12
LF:24
LH:10
BRDA:31,0,0,6
BRDA:31,0,1,0
BRDA:39,1,0,0
BRDA:42,2,0,6
BRDA:42,2,1,0
BRDA:43,3,0,0
BRDA:43,3,1,0
BRDA:43,4,0,0
BRDA:43,4,1,0
BRDA:56,5,0,0
BRDA:56,5,1,0
BRDA:60,6,0,0
BRDA:60,6,1,0
BRDA:60,7,0,0
BRDA:60,7,1,0
BRF:15
BRH:2
end_of_record
TN:
SF:src\__tests__\setup\context.setup.ts
FN:21,(anonymous_9)
FN:23,delay
FN:24,(anonymous_11)
FN:27,resolveNormalBrowserExecutablePath
FN:28,(anonymous_13)
FN:41,tearDownTestingContext
FN:56,comopseTestingContext
FN:61,(anonymous_16)
FN:67,createElectronTestingContext
FN:84,(anonymous_18)
FN:98,createNormalTestingContext
FN:108,(anonymous_20)
FN:112,readMockAssets
FNF:13
FNH:8
FNDA:10,(anonymous_9)
FNDA:0,delay
FNDA:0,(anonymous_11)
FNDA:1,resolveNormalBrowserExecutablePath
FNDA:1,(anonymous_13)
FNDA:4,tearDownTestingContext
FNDA:0,comopseTestingContext
FNDA:0,(anonymous_16)
FNDA:3,createElectronTestingContext
FNDA:3,(anonymous_18)
FNDA:1,createNormalTestingContext
FNDA:1,(anonymous_20)
FNDA:0,readMockAssets
DA:1,2
DA:3,2
DA:4,2
DA:13,2
DA:14,2
DA:15,2
DA:21,10
DA:24,0
DA:28,1
DA:29,1
DA:32,1
DA:33,0
DA:38,1
DA:41,2
DA:45,4
DA:46,4
DA:47,4
DA:48,4
DA:50,4
DA:52,0
DA:56,2
DA:60,0
DA:61,0
DA:67,2
DA:72,3
DA:73,3
DA:74,3
DA:78,3
DA:79,3
DA:81,3
DA:84,3
DA:87,0
DA:89,0
DA:90,0
DA:95,0
DA:98,2
DA:99,1
DA:103,1
DA:105,1
DA:108,1
DA:112,2
DA:113,0
DA:115,0
LF:43
LH:32
BRDA:32,0,0,0
BRDA:32,0,1,1
BRDA:79,1,0,3
BRDA:79,1,1,0
BRDA:89,2,0,0
BRDA:89,2,1,0
BRDA:113,3,0,0
BRF:7
BRH:2
end_of_record
TN:
SF:src\__tests__\setup\electron.setup.ts
FN:6,createElectronEnvironment
FN:18,(anonymous_1)
FN:31,(anonymous_2)
FN:35,(anonymous_3)
FN:39,(anonymous_4)
FN:46,(anonymous_5)
FN:50,(anonymous_6)
FN:55,(anonymous_7)
FN:56,(anonymous_8)
FN:61,(anonymous_9)
FN:62,(anonymous_10)
FN:70,(anonymous_11)
FN:74,(anonymous_12)
FN:84,(anonymous_13)
FN:88,(anonymous_14)
FN:96,(anonymous_15)
FN:97,(anonymous_16)
FN:107,(anonymous_17)
FN:113,(anonymous_18)
FN:126,(anonymous_19)
FN:134,(anonymous_20)
FN:138,(anonymous_21)
FNF:22
FNH:16
FNDA:3,createElectronEnvironment
FNDA:3,(anonymous_1)
FNDA:0,(anonymous_2)
FNDA:0,(anonymous_3)
FNDA:3,(anonymous_4)
FNDA:6,(anonymous_5)
FNDA:3,(anonymous_6)
FNDA:3,(anonymous_7)
FNDA:5,(anonymous_8)
FNDA:2,(anonymous_9)
FNDA:0,(anonymous_10)
FNDA:3,(anonymous_11)
FNDA:3,(anonymous_12)
FNDA:0,(anonymous_13)
FNDA:0,(anonymous_14)
FNDA:3,(anonymous_15)
FNDA:3,(anonymous_16)
FNDA:6,(anonymous_17)
FNDA:3,(anonymous_18)
FNDA:6,(anonymous_19)
FNDA:0,(anonymous_20)
FNDA:2,(anonymous_21)
DA:1,2
DA:2,2
DA:4,2
DA:6,2
DA:10,3
DA:13,2
DA:20,3
DA:22,3
DA:23,3
DA:32,0
DA:36,0
DA:40,3
DA:41,3
DA:43,3
DA:47,6
DA:51,3
DA:53,3
DA:55,3
DA:56,3
DA:57,5
DA:58,5
DA:61,3
DA:62,3
DA:64,3
DA:65,3
DA:71,3
DA:75,3
DA:83,3
DA:84,0
DA:85,0
DA:88,0
DA:89,0
DA:93,3
DA:97,3
DA:98,3
DA:100,3
DA:101,0
DA:102,0
DA:105,3
DA:107,3
DA:108,6
DA:109,3
DA:110,3
DA:113,3
DA:114,3
DA:115,3
DA:121,3
DA:122,3
DA:126,3
DA:127,6
DA:129,6
DA:130,3
DA:134,3
DA:135,0
DA:138,3
DA:139,2
DA:140,0
LF:57
LH:47
BRDA:53,0,0,0
BRDA:53,0,1,3
BRDA:64,1,0,3
BRDA:64,1,1,0
BRDA:83,2,0,0
BRDA:83,2,1,3
BRDA:100,3,0,0
BRDA:100,3,1,3
BRDA:108,4,0,3
BRDA:108,4,1,3
BRDA:121,5,0,3
BRDA:121,5,1,0
BRDA:129,6,0,3
BRDA:129,6,1,3
BRDA:135,7,0,0
BRDA:135,7,1,0
BRDA:139,8,0,0
BRDA:139,8,1,2
BRF:18
BRH:10
end_of_record
TN:
SF:src\__tests__\setup\logger.setup.ts
FN:3,createLogger
FNF:1
FNH:0
FNDA:0,createLogger
DA:1,2
DA:3,2
DA:4,0
LF:3
LH:2
BRF:0
BRH:0
end_of_record
