TN:
SF:src\1_application\enums\LogLevel.ts
FN:1,(anonymous_0)
FNF:1
FNH:1
FNDA:2,(anonymous_0)
DA:1,2
DA:2,2
DA:3,2
DA:4,2
DA:5,2
LF:5
LH:5
BRDA:1,0,0,2
BRDA:1,0,1,2
BRF:2
BRH:2
end_of_record
TN:
SF:src\1_application\usecases\CollectPlaceInfoUseCase.ts
FN:19,(anonymous_7)
FN:27,(anonymous_8)
FNF:2
FNH:2
FNDA:10,(anonymous_7)
FNDA:10,(anonymous_8)
DA:1,2
DA:18,2
DA:20,10
DA:21,10
DA:22,10
DA:23,10
DA:24,10
DA:32,10
DA:37,10
DA:38,12
DA:40,12
DA:41,2
DA:42,2
DA:45,10
DA:50,10
DA:51,2
DA:52,2
DA:55,8
LF:18
LH:18
BRDA:34,0,0,10
BRDA:34,0,1,0
BRDA:34,1,0,10
BRDA:34,1,1,10
BRDA:38,2,0,12
BRDA:38,2,1,0
BRDA:38,3,0,12
BRDA:38,3,1,12
BRDA:40,4,0,2
BRDA:40,4,1,10
BRDA:47,5,0,10
BRDA:47,5,1,0
BRDA:47,6,0,10
BRDA:47,6,1,10
BRDA:50,7,0,2
BRDA:50,7,1,8
BRDA:55,8,0,8
BRDA:55,8,1,0
BRDA:55,9,0,8
BRDA:55,9,1,8
BRF:20
BRH:16
end_of_record
